
--- Table at line 45 ---
  \begin{longtable}{|c|p{0.3\textwidth}|p{0.37\textwidth}|c|c|}
  \caption{Requisitos funcionales del videojuego Go Goals! Digital (elaboración propia)\label{tab:req_funcionales}} \\
  \hline
  \textbf{No.} & \textbf{Nombre} & \textbf{Descripción} & \textbf{Prioridad} & \textbf{Complejidad} \\
  \hline
  \endfirsthead
  \multicolumn{5}{c}
  {{ \tablename\ \thetable{} -- Continuación de la página anterior}} \\
  \hline
  \textbf{No.} & \textbf{Nombre} & \textbf{Descripción} & \textbf{Prioridad} & \textbf{Complejidad} \\

--- Table at line 96 ---
  \begin{longtable}{|p{0.28\textwidth}|p{0.18\textwidth}|p{0.45\textwidth}|}
  \caption{Requisitos no funcionales del videojuego Go Goals! Digital (elaboración propia)\label{tab:req_no_funcionales}} \\
  \hline
  \textbf{Nombre} & \textbf{Tipo} & \textbf{Descripción} \\
  \hline
  \endfirsthead
  \multicolumn{3}{c}
  {{ \tablename\ \thetable{} -- Continuación de la página anterior}} \\
  \hline
  \textbf{Nombre} & \textbf{Tipo} & \textbf{Descripción} \\

--- Table at line 134 ---
  \begin{longtable}{|l|l|l|}
  \caption{Matriz de trazabilidad: Requisitos Funcionales vs. Historias de Usuario (elaboración propia)\label{tab:trazabilidad}} \\
  \hline
  \textbf{RF} & \textbf{Nombre del Requisito} & \textbf{Historias de Usuario (HU)} \\ \hline
  1 & Inicio de partida & HU 1, HU 13 \\ \hline
  2 & Visualización del tablero & HU 2 \\ \hline
  3 & Lanzamiento de dado & HU 3 \\ \hline
  4 & Movimiento de ficha & HU 4 \\ \hline
  5 & Efecto de escalera & HU 5 \\ \hline
  6 & Efecto de serpiente & HU 5 \\ \hline

--- Table at line 169 ---
  \begin{longtable}{|p{0.45\textwidth}
  \caption{Historia de usuario 1: Inicio de nueva partida educativa (elaboración propia)\label{tab:hu1}} \\
  \hline
  \multicolumn{2}{|l|}{\textbf{Historia de Usuario}} \\
  \hline
  \textbf{Número:} 1 & \textbf{Nombre:} Inicio de nueva partida educativa \\
  \hline
  \textbf{Prioridad:} Alta & \textbf{Riesgo:} Medio \\
  \hline
  \textbf{Puntos de estimación:} 2.0 & \textbf{Iteración asignada:} 1 \\

--- Table at line 197 ---
  \begin{longtable}{|p{0.45\textwidth}
  \caption{Historia de usuario 2: Visualización del tablero hexagonal (elaboración propia)\label{tab:hu2}} \\
  \hline
  \multicolumn{2}{|l|}{\textbf{Historia de Usuario}} \\
  \hline
  \textbf{Número:} 2 & \textbf{Nombre:} Visualización del tablero hexagonal \\
  \hline
  \textbf{Prioridad:} Alta & \textbf{Riesgo:} Alto \\
  \hline
  \textbf{Puntos de estimación:} 5.0 & \textbf{Iteración asignada:} 1 \\

--- Table at line 225 ---
  \begin{longtable}{|p{0.45\textwidth}
  \caption{Historia de usuario 3: Lanzamiento de dado virtual (elaboración propia)\label{tab:hu3}} \\
  \hline
  \multicolumn{2}{|l|}{\textbf{Historia de Usuario}} \\
  \hline
  \textbf{Número:} 3 & \textbf{Nombre:} Lanzamiento de dado virtual \\
  \hline
  \textbf{Prioridad:} Alta & \textbf{Riesgo:} Medio \\
  \hline
  \textbf{Puntos de estimación:} 1.5 & \textbf{Iteración asignada:} 1 \\

--- Table at line 253 ---
  \begin{longtable}{|p{0.45\textwidth}
  \caption{Historia de usuario 4: Movimiento animado de ficha (elaboración propia)\label{tab:hu4}} \\
  \hline
  \multicolumn{2}{|l|}{\textbf{Historia de Usuario}} \\
  \hline
  \textbf{Número:} 4 & \textbf{Nombre:} Movimiento animado de ficha \\
  \hline
  \textbf{Prioridad:} Alta & \textbf{Riesgo:} Alto \\
  \hline
  \textbf{Puntos de estimación:} 4.0 & \textbf{Iteración asignada:} 1 \\

--- Table at line 280 ---
  \begin{longtable}{|p{0.45\textwidth}
  \caption{Historia de usuario 5: Efecto de escalera y serpiente (elaboración propia)\label{tab:hu5}} \\
  \hline
  \multicolumn{2}{|l|}{\textbf{Historia de Usuario}} \\
  \hline
  \textbf{Número:} 5 & \textbf{Nombre:} Efecto de escalera y serpiente \\
  \hline
  \textbf{Prioridad:} Alta & \textbf{Riesgo:} Medio \\
  \hline
  \textbf{Puntos de estimación:} 3.0 & \textbf{Iteración asignada:} 2 \\

--- Table at line 308 ---
  \begin{longtable}{|p{0.45\textwidth}
  \caption{Historia de usuario 6: Preguntas educativas sobre ODS (elaboración propia)\label{tab:hu6}} \\
  \hline
  \multicolumn{2}{|l|}{\textbf{Historia de Usuario}} \\
  \hline
  \textbf{Número:} 6 & \textbf{Nombre:} Preguntas educativas sobre ODS \\
  \hline
  \textbf{Prioridad:} Alta & \textbf{Riesgo:} Alto \\
  \hline
  \textbf{Puntos de estimación:} 5.0 & \textbf{Iteración asignada:} 2 \\

--- Table at line 338 ---
  \begin{longtable}{|p{0.45\textwidth}
  \caption{Historia de usuario 7: Evaluación y retroalimentación de respuestas (elaboración propia)\label{tab:hu7}} \\
  \hline
  \multicolumn{2}{|l|}{\textbf{Historia de Usuario}} \\
  \hline
  \textbf{Número:} 7 & \textbf{Nombre:} Evaluación y retroalimentación de respuestas \\
  \hline
  \textbf{Prioridad:} Alta & \textbf{Riesgo:} Medio \\
  \hline
  \textbf{Puntos de estimación:} 3.0 & \textbf{Iteración asignada:} 2 \\

--- Table at line 367 ---
  \begin{longtable}{|p{0.45\textwidth}
  \caption{Historia de usuario 8: Gestión de turnos automática (elaboración propia)\label{tab:hu8}} \\
  \hline
  \multicolumn{2}{|l|}{\textbf{Historia de Usuario}} \\
  \hline
  \textbf{Número:} 8 & \textbf{Nombre:} Gestión de turnos automática \\
  \hline
  \textbf{Prioridad:} Alta & \textbf{Riesgo:} Baja \\
  \hline
  \textbf{Puntos de estimación:} 2.0 & \textbf{Iteración asignada:} 2 \\

--- Table at line 394 ---
  \begin{longtable}{|p{0.45\textwidth}
  \caption{Historia de usuario 9: Condición de victoria (elaboración propia)\label{tab:hu9}} \\
  \hline
  \multicolumn{2}{|l|}{\textbf{Historia de Usuario}} \\
  \hline
  \textbf{Número:} 9 & \textbf{Nombre:} Condición de victoria \\
  \hline
  \textbf{Prioridad:} Alta & \textbf{Riesgo:} Baja \\
  \hline
  \textbf{Puntos de estimación:} 1.5 & \textbf{Iteración asignada:} 3 \\

--- Table at line 421 ---
  \begin{longtable}{|p{0.45\textwidth}
  \caption{Historia de usuario 10: Estadísticas de aprendizaje (elaboración propia)\label{tab:hu10}} \\
  \hline
  \multicolumn{2}{|l|}{\textbf{Historia de Usuario}} \\
  \hline
  \textbf{Número:} 10 & \textbf{Nombre:} Estadísticas de aprendizaje \\
  \hline
  \textbf{Prioridad:} Media & \textbf{Riesgo:} Medio \\
  \hline
  \textbf{Puntos de estimación:} 4.0 & \textbf{Iteración asignada:} 3 \\

--- Table at line 449 ---
  \begin{longtable}{|p{0.45\textwidth}
  \caption{Historia de usuario 11: Menú principal y pantalla de instrucciones (elaboración propia)\label{tab:hu11}} \\
  \hline
  \multicolumn{2}{|l|}{\textbf{Historia de Usuario}} \\
  \hline
  \textbf{Número:} 11 & \textbf{Nombre:} Menú principal y pantalla de instrucciones \\
  \hline
  \textbf{Prioridad:} Alta & \textbf{Riesgo:} Baja \\
  \hline
  \textbf{Puntos de estimación:} 2.0 & \textbf{Iteración asignada:} 1 \\

--- Table at line 476 ---
  \begin{longtable}{|p{0.45\textwidth}
  \caption{Historia de usuario 12: Configuración de audio (elaboración propia)\label{tab:hu12}} \\
  \hline
  \multicolumn{2}{|l|}{\textbf{Historia de Usuario}} \\
  \hline
  \textbf{Número:} 12 & \textbf{Nombre:} Configuración de audio \\
  \hline
  \textbf{Prioridad:} Baja & \textbf{Riesgo:} Baja \\
  \hline
  \textbf{Puntos de estimación:} 2.5 & \textbf{Iteración asignada:} 4 \\

--- Table at line 501 ---
  \begin{longtable}{|p{0.45\textwidth}
  \caption{Historia de usuario 13: Personalización de jugadores (elaboración propia)\label{tab:hu13}} \\
  \hline
  \multicolumn{2}{|l|}{\textbf{Historia de Usuario}} \\
  \hline
  \textbf{Número:} 13 & \textbf{Nombre:} Personalización de jugadores \\
  \hline
  \textbf{Prioridad:} Alta & \textbf{Riesgo:} Bajo \\
  \hline
  \textbf{Puntos de estimación:} 1.5 & \textbf{Iteración asignada:} 1 \\

--- Table at line 529 ---
  \begin{longtable}{|p{0.45\textwidth}
  \caption{Historia de usuario 14: Visualización de información del ODS (elaboración propia)\label{tab:hu14}} \\
  \hline
  \multicolumn{2}{|l|}{\textbf{Historia de Usuario}} \\
  \hline
  \textbf{Número:} 14 & \textbf{Nombre:} Visualización de información del ODS \\
  \hline
  \textbf{Prioridad:} Alta & \textbf{Riesgo:} Bajo \\
  \hline
  \textbf{Puntos de estimación:} 2.0 & \textbf{Iteración asignada:} 2 \\

--- Table at line 556 ---
  \begin{longtable}{|p{0.45\textwidth}
  \caption{Historia de usuario 15: Temporizador de respuesta (elaboración propia)\label{tab:hu15}} \\
  \hline
  \multicolumn{2}{|l|}{\textbf{Historia de Usuario}} \\
  \hline
  \textbf{Número:} 15 & \textbf{Nombre:} Temporizador de respuesta \\
  \hline
  \textbf{Prioridad:} Baja & \textbf{Riesgo:} Medio \\
  \hline
  \textbf{Puntos de estimación:} 2.0 & \textbf{Iteración asignada:} 3 \\

--- Table at line 584 ---
  \begin{longtable}{|p{0.45\textwidth}
  \caption{Historia de usuario 16: Modo de un jugador (elaboración propia)\label{tab:hu16}} \\
  \hline
  \multicolumn{2}{|l|}{\textbf{Historia de Usuario}} \\
  \hline
  \textbf{Número:} 16 & \textbf{Nombre:} Modo de un jugador \\
  \hline
  \textbf{Prioridad:} Media & \textbf{Riesgo:} Alto \\
  \hline
  \textbf{Puntos de estimación:} 5.0 & \textbf{Iteración asignada:} 4 \\

--- Table at line 612 ---
  \begin{longtable}{|p{0.45\textwidth}
  \caption{Historia de usuario 17: Pantalla de clasificación al finalizar (elaboración propia)\label{tab:hu17}} \\
  \hline
  \multicolumn{2}{|l|}{\textbf{Historia de Usuario}} \\
  \hline
  \textbf{Número:} 17 & \textbf{Nombre:} Pantalla de clasificación al finalizar \\
  \hline
  \textbf{Prioridad:} Media & \textbf{Riesgo:} Bajo \\
  \hline
  \textbf{Puntos de estimación:} 1.5 & \textbf{Iteración asignada:} 3 \\

--- Table at line 640 ---
  \begin{longtable}{|p{0.45\textwidth}
  \caption{Historia de usuario 18: Notificación visual del turno activo (elaboración propia)\label{tab:hu18}} \\
  \hline
  \multicolumn{2}{|l|}{\textbf{Historia de Usuario}} \\
  \hline
  \textbf{Número:} 18 & \textbf{Nombre:} Notificación visual del turno activo \\
  \hline
  \textbf{Prioridad:} Alta & \textbf{Riesgo:} Bajo \\
  \hline
  \textbf{Puntos de estimación:} 1.0 & \textbf{Iteración asignada:} 2 \\

--- Table at line 668 ---
  \begin{longtable}{|p{0.45\textwidth}
  \caption{Historia de usuario 19: Accesibilidad de la interfaz (elaboración propia)\label{tab:hu19}} \\
  \hline
  \multicolumn{2}{|l|}{\textbf{Historia de Usuario}} \\
  \hline
  \textbf{Número:} 19 & \textbf{Nombre:} Accesibilidad de la interfaz \\
  \hline
  \textbf{Prioridad:} Media & \textbf{Riesgo:} Bajo \\
  \hline
  \textbf{Puntos de estimación:} 2.0 & \textbf{Iteración asignada:} 5 \\

--- Table at line 696 ---
  \begin{longtable}{|p{0.45\textwidth}
  \caption{Historia de usuario 20: Pantalla de créditos (elaboración propia)\label{tab:hu20}} \\
  \hline
  \multicolumn{2}{|l|}{\textbf{Historia de Usuario}} \\
  \hline
  \textbf{Número:} 20 & \textbf{Nombre:} Pantalla de créditos \\
  \hline
  \textbf{Prioridad:} Baja & \textbf{Riesgo:} Bajo \\
  \hline
  \textbf{Puntos de estimación:} 0.5 & \textbf{Iteración asignada:} 5 \\

--- Table at line 723 ---
  \begin{longtable}{|p{0.45\textwidth}
  \caption{Historia de usuario 21: Exportación multiplataforma de escritorio (elaboración propia)\label{tab:hu21}} \\
  \hline
  \multicolumn{2}{|l|}{\textbf{Historia de Usuario}} \\
  \hline
  \textbf{Número:} 21 & \textbf{Nombre:} Exportación multiplataforma de escritorio \\
  \hline
  \textbf{Prioridad:} Alta & \textbf{Riesgo:} Medio \\
  \hline
  \textbf{Puntos de estimación:} 3.0 & \textbf{Iteración asignada:} 5 \\

--- Table at line 755 ---
  \begin{longtable}{|c|p{0.45\textwidth}|c|}
  \caption{Puntos de estimación por historia de usuario (elaboración propia)\label{tab:estimacion}} \\
  \hline
  \textbf{No. HU} & \textbf{Nombre} & \textbf{Puntos (días)} \\
  \hline
  1. & Inicio de nueva partida educativa & 2.0 \\
  \hline
  2. & Visualización del tablero hexagonal & 5.0 \\
  \hline
  3. & Lanzamiento de dado virtual & 1.5 \\

--- Table at line 811 ---
  \begin{longtable}{|c|c|p{0.45\textwidth}|c|}
  \caption{Plan de iteraciones de desarrollo (elaboración propia)\label{tab:plan_iteraciones}} \\
  \hline
  \textbf{Iteración} & \textbf{No. HU} & \textbf{Historia de Usuario} & \textbf{Duración (días)} \\
  \hline
  \multirow{4}{*}{1} & 1 & Inicio de nueva partida educativa & \multirow{4}{*}{10.5} \\
  \cline{2-3}
   & 2 & Visualización del tablero hexagonal & \\
  \cline{2-3}
   & 11 & Menú principal y pantalla de instrucciones & \\

--- Table at line 955 ---
  \begin{longtable}{|p{0.25\textwidth}
  \caption{Tarjeta CRC GameData (Autoload) (elaboración propia)\label{tab:crc_gamedata}} \\
  \hline
  \textbf{Clase} & \textbf{Responsabilidades} & \textbf{Colaboradores} \\
  \hline
  GameData & - mantener la configuración de la partida (número de jugadores)\newline - cargar y servir el banco de preguntas desde \texttt{questions.json}\newline - proveer preguntas aleatorias por ODS sin repetición & GameManager\newline BoardConfig \\
  \hline
  \end{longtable}
  
  \begin{longtable}{|p{0.25\textwidth}

--- Table at line 964 ---
  \begin{longtable}{|p{0.25\textwidth}
  \caption{Tarjeta CRC GameEvents (Bus de Eventos) (elaboración propia)\label{tab:crc_gameevents}} \\
  \hline
  \textbf{Clase} & \textbf{Responsabilidades} & \textbf{Colaboradores} \\
  \hline
  GameEvents & - definir las se\~nales globales del sistema: \texttt{dice\_rolled}, \texttt{player\_moving}, \texttt{quiz\_started}, \texttt{quiz\_requested(ods\_id)}, \texttt{game\_won}\newline - actuar como canal de comunicación desacoplado entre lógica y UI & GameManager\newline Scripts de UI \\
  \hline
  \end{longtable}
  
  \begin{longtable}{|p{0.25\textwidth}

--- Table at line 973 ---
  \begin{longtable}{|p{0.25\textwidth}
  \caption{Tarjeta CRC GameState (elaboración propia)\label{tab:crc_gamestate}} \\
  \hline
  \textbf{Clase} & \textbf{Responsabilidades} & \textbf{Colaboradores} \\
  \hline
  GameState & - gestionar la fase activa del juego mediante enumeración (MENU, PLAYING, PAUSED, GAME\_OVER)\newline - almacenar el estado de la partida en curso: jugador activo (\texttt{active\_player\_index}), posiciones y conteo de turnos & GameManager\newline Player \\
  \hline
  \end{longtable}
  
  \begin{longtable}{|p{0.25\textwidth}

--- Table at line 982 ---
  \begin{longtable}{|p{0.25\textwidth}
  \caption{Tarjeta CRC GameManager (Controlador) (elaboración propia)\label{tab:crc_gamemanager}} \\
  \hline
  \textbf{Clase} & \textbf{Responsabilidades} & \textbf{Colaboradores} \\
  \hline
  GameManager & - orquestar el ciclo completo de la partida (inicio, turno, resolución de casilla, fin)\newline - calcular rutas de movimiento e invocar animaciones\newline - verificar condiciones de victoria & GameState\newline GameEvents\newline BoardConfig\newline AudioManager \\
  \hline
  \end{longtable}
  
  \begin{longtable}{|p{0.25\textwidth}

--- Table at line 991 ---
  \begin{longtable}{|p{0.25\textwidth}
  \caption{Tarjeta CRC BoardConfig (elaboración propia)\label{tab:crc_boardconfig}} \\
  \hline
  \textbf{Clase} & \textbf{Responsabilidades} & \textbf{Colaboradores} \\
  \hline
  BoardConfig & - definir la configuración estática del tablero: posiciones de escaleras, toboganes y casillas de pregunta por ODS\newline - proveer información de tipo y destino de cada casilla & GameManager\newline Board \\
  \hline
  \end{longtable}
  
  \begin{longtable}{|p{0.25\textwidth}

--- Table at line 1000 ---
  \begin{longtable}{|p{0.25\textwidth}
  \caption{Tarjeta CRC Board (Entidad) (elaboración propia)\label{tab:crc_board}} \\
  \hline
  \textbf{Clase} & \textbf{Responsabilidades} & \textbf{Colaboradores} \\
  \hline
  Board & - representar el estado visual y lógico del tablero de 63 casillas\newline - exponer métodos de acceso a posiciones específicas & GameManager\newline Tile\newline BoardConfig \\
  \hline
  \end{longtable}
  
  \begin{longtable}{|p{0.25\textwidth}

--- Table at line 1009 ---
  \begin{longtable}{|p{0.25\textwidth}
  \caption{Tarjeta CRC Tile (Entidad) (elaboración propia)\label{tab:crc_tile}} \\
  \hline
  \textbf{Clase} & \textbf{Responsabilidades} & \textbf{Colaboradores} \\
  \hline
  Tile & - mantener el tipo de casilla (normal, escalera, tobogán, quiz, meta)\newline - almacenar el destino de traslado en caso de casilla especial\newline - almacenar el identificador ODS en caso de casilla de pregunta & Board\newline GameManager \\
  \hline
  \end{longtable}
  
  \begin{longtable}{|p{0.25\textwidth}

--- Table at line 1018 ---
  \begin{longtable}{|p{0.25\textwidth}
  \caption{Tarjeta CRC Player (Entidad) (elaboración propia)\label{tab:crc_player}} \\
  \hline
  \textbf{Clase} & \textbf{Responsabilidades} & \textbf{Colaboradores} \\
  \hline
  Player & - mantener la posición actual y el historial de turnos del jugador\newline - almacenar nombre e identificador de color de ficha\newline - registrar estadísticas de respuestas & GameState\newline GameManager \\
  \hline
  \end{longtable}
  
  \begin{longtable}{|p{0.25\textwidth}

--- Table at line 1027 ---
  \begin{longtable}{|p{0.25\textwidth}
  \caption{Tarjeta CRC AudioManager (Autoload) (elaboración propia)\label{tab:crc_audiomanager}} \\
  \hline
  \textbf{Clase} & \textbf{Responsabilidades} & \textbf{Colaboradores} \\
  \hline
  AudioManager & - centralizar la reproducción de música de fondo y efectos de sonido\newline - controlar el volumen global\newline - liberar a los nodos de juego de gestionar \texttt{AudioStreamPlayer} locales & GameManager\newline Scripts de UI \\
  \hline
  \end{longtable}
  
  \begin{longtable}{|p{0.25\textwidth}

--- Table at line 1036 ---
  \begin{longtable}{|p{0.25\textwidth}
  \caption{Tarjeta CRC RecordsManager (Autoload) (elaboración propia)\label{tab:crc_recordsmanager}} \\
  \hline
  \textbf{Clase} & \textbf{Responsabilidades} & \textbf{Colaboradores} \\
  \hline
  RecordsManager & - gestionar la persistencia de puntuaciones y logros entre sesiones\newline - proveer datos históricos para la pantalla de estadísticas & GameManager\newline Player \\
  \hline
  \end{longtable}
  
  %---------------------------------------------------------------------------

--- Table at line 1134 ---
  \begin{longtable}{|p{0.3\textwidth}
  \caption{Tarea de ingeniería 1: Diseño e implementación del tablero hexagonal (elaboración propia)\label{tab:ti1}} \\
  \hline
  \textbf{Campo} & \textbf{Descripción} \\
  \hline
  Tarea \# & 1 \\
  \hline
  HU relacionada & HU \#2 - Visualización del tablero hexagonal \\
  \hline
  Nombre & Diseño e implementación del tablero hexagonal \\

--- Table at line 1157 ---
  \begin{longtable}{|p{0.3\textwidth}
  \caption{Tarea de ingeniería 2: Implementación del menú principal (elaboración propia)\label{tab:ti2}} \\
  \hline
  \textbf{Campo} & \textbf{Descripción} \\
  \hline
  Tarea \# & 2 \\
  \hline
  HU relacionada & HU \#11 - Menú principal y pantalla de instrucciones \\
  \hline
  Nombre & Implementación del menú principal y pantalla de instrucciones \\

--- Table at line 1180 ---
  \begin{longtable}{|p{0.3\textwidth}
  \caption{Tarea de ingeniería 3: Lógica del dado y movimiento de fichas (elaboración propia)\label{tab:ti3}} \\
  \hline
  \textbf{Campo} & \textbf{Descripción} \\
  \hline
  Tarea \# & 3 \\
  \hline
  HU relacionada & HU \#3, HU \#4 \\
  \hline
  Nombre & Implementación de la lógica del dado y movimiento animado de fichas \\

--- Table at line 1203 ---
  \begin{longtable}{|p{0.3\textwidth}
  \caption{Tarea de ingeniería 4: Escaleras, serpientes y gestión de turnos (elaboración propia)\label{tab:ti4}} \\
  \hline
  \textbf{Campo} & \textbf{Descripción} \\
  \hline
  Tarea \# & 4 \\
  \hline
  HU relacionada & HU \#5, HU \#8, HU \#9 \\
  \hline
  Nombre & Implementación de efectos especiales y gestión de turnos \\

--- Table at line 1226 ---
  \begin{longtable}{|p{0.3\textwidth}
  \caption{Tarea de ingeniería 5: Sistema de preguntas y evaluación de respuestas (elaboración propia)\label{tab:ti5}} \\
  \hline
  \textbf{Campo} & \textbf{Descripción} \\
  \hline
  Tarea \# & 5 \\
  \hline
  HU relacionada & HU \#6, HU \#7 \\
  \hline
  Nombre & Implementación del sistema de preguntas educativas y retroalimentación \\

--- Table at line 1249 ---
  \begin{longtable}{|p{0.3\textwidth}
  \caption{Tarea de ingeniería 6: Estadísticas de aprendizaje (elaboración propia)\label{tab:ti6}} \\
  \hline
  \textbf{Campo} & \textbf{Descripción} \\
  \hline
  Tarea \# & 6 \\
  \hline
  HU relacionada & HU \#10 \\
  \hline
  Nombre & Implementación del sistema de estadísticas de aprendizaje \\

--- Table at line 1272 ---
  \begin{longtable}{|p{0.3\textwidth}
  \caption{Tarea de ingeniería 7: Personalización de jugadores (elaboración propia)\label{tab:ti7}} \\
  \hline
  \textbf{Campo} & \textbf{Descripción} \\
  \hline
  Tarea \# & 7 \\
  \hline
  HU relacionada & HU \#13 \\
  \hline
  Nombre & Sistema de personalización de perfiles de jugador \\

--- Table at line 1295 ---
  \begin{longtable}{|p{0.3\textwidth}
  \caption{Tarea de ingeniería 8: Panel informativo de ODS (elaboración propia)\label{tab:ti8}} \\
  \hline
  \textbf{Campo} & \textbf{Descripción} \\
  \hline
  Tarea \# & 8 \\
  \hline
  HU relacionada & HU \#14 \\
  \hline
  Nombre & Implementación del panel informativo previo a preguntas \\

--- Table at line 1318 ---
  \begin{longtable}{|p{0.3\textwidth}
  \caption{Tarea de ingeniería 9: Notificaciones de turno activo (elaboración propia)\label{tab:ti9}} \\
  \hline
  \textbf{Campo} & \textbf{Descripción} \\
  \hline
  Tarea \# & 9 \\
  \hline
  HU relacionada & HU \#18 \\
  \hline
  Nombre & Sistema de resaltado y notificación de turno \\

--- Table at line 1341 ---
  \begin{longtable}{|p{0.3\textwidth}
  \caption{Tarea de ingeniería 10: Inteligencia Artificial oponente (elaboración propia)\label{tab:ti10}} \\
  \hline
  \textbf{Campo} & \textbf{Descripción} \\
  \hline
  Tarea \# & 10 \\
  \hline
  HU relacionada & HU \#16 \\
  \hline
  Nombre & Implementación de lógica para oponente virtual (IA) \\

--- Table at line 1364 ---
  \begin{longtable}{|p{0.3\textwidth}
  \caption{Tarea de ingeniería 11: Exportación y optimización multiplataforma (elaboración propia)\label{tab:ti11}} \\
  \hline
  \textbf{Campo} & \textbf{Descripción} \\
  \hline
  Tarea \# & 11 \\
  \hline
  HU relacionada & HU \#21 \\
  \hline
  Nombre & Optimización y despliegue multiplataforma (HTML5) \\

--- Table at line 1387 ---
  \begin{longtable}{|p{0.3\textwidth}
  \caption{Tarea de ingeniería 12: Configuración de sistema y accesibilidad (elaboración propia)\label{tab:ti12}} \\
  \hline
  \textbf{Campo} & \textbf{Descripción} \\
  \hline
  Tarea \# & 12 \\
  \hline
  HU relacionada & HU \#12, HU \#19 \\
  \hline
  Nombre & Ajustes de audio y parámetros de legibilidad visual \\
